#
# A fatal error has been detected by the Java Runtime Environment:
#
#  EXCEPTION_UNCAUGHT_CXX_EXCEPTION (0xe06d7363) at pc=0x74c14b32, pid=5672, tid=5736
#
# JRE version: 7.0_25-b17
# Java VM: Java HotSpot(TM) Client VM (23.25-b01 mixed mode, sharing windows-x86 )
# Problematic frame:
# C  [KERNELBASE.dll+0x14b32]  RaiseException+0x49
#
# Failed to write core dump. Minidumps are not enabled by default on client versions of Windows
#
# If you would like to submit a bug report, please visit:
#   http://bugreport.sun.com/bugreport/crash.jsp
# The crash happened outside the Java Virtual Machine in native code.
# See problematic frame for where to report the bug.
#

---------------  T H R E A D  ---------------

Current thread (0x02c1e400):  JavaThread "main" [_thread_in_native, id=5736, stack(0x01480000,0x014d0000)]

siginfo: ExceptionCode=0xe06d7363, ExceptionInformation=0x19930520 0x014cf1d4 0x63a05430 

Registers:
EAX=0x014cf050, EBX=0x00000000, ECX=0x00000003, EDX=0x00000000
ESP=0x014cf050, EBP=0x014cf0ac, ESI=0x00000010, EDI=0x014cf478
EIP=0x74c14b32, EFLAGS=0x00000216

Top of Stack: (sp=0x014cf050)
0x014cf050:   e06d7363 00000001 00000000 74c14b32
0x014cf060:   00000003 19930520 014cf1d4 63a05430
0x014cf070:   0000000f 014cf198 639f46f0 014cf094
0x014cf080:   014cf0c4 639f222f 00000040 f73d8419
0x014cf090:   00000033 014cf1d4 00000000 ffffffff
0x014cf0a0:   745fe266 e057828a 00170002 014cf0e4
0x014cf0b0:   78777819 e06d7363 00000001 00000003
0x014cf0c0:   014cf0d8 e06d7363 00000001 00000000 

Instructions: (pc=0x74c14b32)
0x74c14b12:   01 89 44 24 04 c7 44 24 0c e9 4a c1 74 85 c9 75
0x74c14b22:   20 83 64 24 10 00 8d 04 24 50 ff 15 80 83 c9 74
0x74c14b32:   8b 4c 24 54 33 cc e8 07 72 ff ff 8b e5 5d c2 10
0x74c14b42:   00 8b 45 10 83 f8 0f 0f 87 37 bf 04 00 89 44 24 


Register to memory mapping:

EAX=0x014cf050 is pointing into the stack for thread: 0x02c1e400
EBX=0x00000000 is an unknown value
ECX=0x00000003 is an unknown value
EDX=0x00000000 is an unknown value
ESP=0x014cf050 is pointing into the stack for thread: 0x02c1e400
EBP=0x014cf0ac is pointing into the stack for thread: 0x02c1e400
ESI=0x00000010 is an unknown value
EDI=0x014cf478 is pointing into the stack for thread: 0x02c1e400


Stack: [0x01480000,0x014d0000],  sp=0x014cf050,  free space=316k
Native frames: (J=compiled Java code, j=interpreted, Vv=VM code, C=native code)
C  [KERNELBASE.dll+0x14b32]  RaiseException+0x49
C  [msvcr100.dll+0x27819]  CxxThrowException+0x45
C  [ASREngineAPI.dll+0x9da5]  ASR::ASREngine::queryNEDClasses+0x17d5
j  Italk2learn.hello([B)Ljava/lang/String;+0
j  Italk2learn.main([Ljava/lang/String;)V+22
v  ~StubRoutines::call_stub
V  [jvm.dll+0x124afa]
V  [jvm.dll+0x1d224e]
V  [jvm.dll+0x124b7d]
V  [jvm.dll+0xab0cf]
V  [jvm.dll+0xb5397]
C  [javaw.exe+0x206c]
C  [javaw.exe+0xa5b1]
C  [javaw.exe+0xa63b]
C  [KERNEL32.DLL+0x2850d]  BaseThreadInitThunk+0xe
C  [ntdll.dll+0x5bf39]  RtlInitializeExceptionChain+0x85
C  [ntdll.dll+0x5bf0c]  RtlInitializeExceptionChain+0x58

Java frames: (J=compiled Java code, j=interpreted, Vv=VM code)
j  Italk2learn.hello([B)Ljava/lang/String;+0
j  Italk2learn.main([Ljava/lang/String;)V+22
v  ~StubRoutines::call_stub

---------------  P R O C E S S  ---------------

Java Threads: ( => current thread )
  0x02d19800 JavaThread "Service Thread" daemon [_thread_blocked, id=9892, stack(0x05230000,0x05280000)]
  0x02d15000 JavaThread "C1 CompilerThread0" daemon [_thread_blocked, id=6880, stack(0x051a0000,0x051f0000)]
  0x02d14000 JavaThread "Attach Listener" daemon [_thread_blocked, id=9200, stack(0x05110000,0x05160000)]
  0x02d11c00 JavaThread "Signal Dispatcher" daemon [_thread_blocked, id=7076, stack(0x05080000,0x050d0000)]
  0x02cf8c00 JavaThread "Finalizer" daemon [_thread_blocked, id=9012, stack(0x04ff0000,0x05040000)]
  0x02cf7400 JavaThread "Reference Handler" daemon [_thread_blocked, id=2484, stack(0x04f60000,0x04fb0000)]
=>0x02c1e400 JavaThread "main" [_thread_in_native, id=5736, stack(0x01480000,0x014d0000)]

Other Threads:
  0x02cf6000 VMThread [stack: 0x04ed0000,0x04f20000] [id=10560]
  0x02d2a400 WatcherThread [stack: 0x052c0000,0x05310000] [id=11048]

VM state:not at safepoint (normal execution)

VM Mutex/Monitor currently owned by a thread: None

Heap
 def new generation   total 4928K, used 474K [0x24dd0000, 0x25320000, 0x2a320000)
  eden space 4416K,  10% used [0x24dd0000, 0x24e469a8, 0x25220000)
  from space 512K,   0% used [0x25220000, 0x25220000, 0x252a0000)
  to   space 512K,   0% used [0x252a0000, 0x252a0000, 0x25320000)
 tenured generation   total 10944K, used 0K [0x2a320000, 0x2add0000, 0x34dd0000)
   the space 10944K,   0% used [0x2a320000, 0x2a320000, 0x2a320200, 0x2add0000)
 compacting perm gen  total 12288K, used 118K [0x34dd0000, 0x359d0000, 0x38dd0000)
   the space 12288K,   0% used [0x34dd0000, 0x34ded8f0, 0x34deda00, 0x359d0000)
    ro space 10240K,  45% used [0x38dd0000, 0x39259b28, 0x39259c00, 0x397d0000)
    rw space 12288K,  54% used [0x397d0000, 0x39e5d0e8, 0x39e5d200, 0x3a3d0000)

Card table byte_map: [0x04de0000,0x04e90000] byte_map_base: 0x04cb9180

Polling page: 0x01190000

Code Cache  [0x02d60000, 0x02df8000, 0x04d60000)
 total_blobs=145 nmethods=16 adapters=65 free_code_cache=32170Kb largest_free_block=32943040

Compilation events (10 events):
Event: 0.056 Thread 0x02d15000   12             java.lang.String::equals (81 bytes)
Event: 0.056 Thread 0x02d15000 nmethod 12 0x02df3588 code [0x02df36a0, 0x02df3840]
Event: 0.056 Thread 0x02d15000   13             sun.net.www.ParseUtil::encodePath (336 bytes)
Event: 0.056 Thread 0x02d15000 nmethod 13 0x02df3a48 code [0x02df3bf0, 0x02df4298]
Event: 0.056 Thread 0x02d15000   14             java.lang.String::indexOf (166 bytes)
Event: 0.057 Thread 0x02d15000 nmethod 14 0x02df4908 code [0x02df4a20, 0x02df4c50]
Event: 0.057 Thread 0x02d15000   15             java.lang.AbstractStringBuilder::append (29 bytes)
Event: 0.057 Thread 0x02d15000 nmethod 15 0x02df4f48 code [0x02df5050, 0x02df513c]
Event: 0.057 Thread 0x02d15000   16             java.lang.String::length (6 bytes)
Event: 0.057 Thread 0x02d15000 nmethod 16 0x02df5248 code [0x02df5340, 0x02df53d0]

GC Heap History (0 events):
No events

Deoptimization events (0 events):
No events

Internal exceptions (2 events):
Event: 0.012 Thread 0x02c1e400 Threw 0x24dd11d8 at C:\jdk7u2_32P\jdk7u25\hotspot\src\share\vm\prims\jni.cpp:3994
Event: 0.055 Thread 0x02c1e400 Threw 0x24e3d2a8 at C:\jdk7u2_32P\jdk7u25\hotspot\src\share\vm\prims\jvm.cpp:1235

Events (10 events):
Event: 0.055 loading class 0x02d33968
Event: 0.055 loading class 0x02d33968 done
Event: 0.055 loading class 0x02d07438
Event: 0.055 loading class 0x02d07438 done
Event: 0.056 loading class 0x3a4d5a80
Event: 0.056 loading class 0x3a405740
Event: 0.056 loading class 0x3a405740 done
Event: 0.056 loading class 0x3a4d5a80 done
Event: 0.057 loading class 0x3a3dadd8
Event: 0.057 loading class 0x3a3dadd8 done


Dynamic libraries:
0x00b90000 - 0x00bbf000 	C:\Program Files (x86)\Java\jdk1.7.0_25\bin\javaw.exe
0x774c0000 - 0x77617000 	C:\Windows\SYSTEM32\ntdll.dll
0x74f20000 - 0x75050000 	C:\Windows\SYSTEM32\KERNEL32.DLL
0x74c00000 - 0x74ca6000 	C:\Windows\SYSTEM32\KERNELBASE.dll
0x752c0000 - 0x7536e000 	C:\Windows\SYSTEM32\ADVAPI32.dll
0x77070000 - 0x77186000 	C:\Windows\SYSTEM32\USER32.dll
0x73050000 - 0x73248000 	C:\Windows\WinSxS\x86_microsoft.windows.common-controls_6595b64144ccf1df_6.0.9200.16579_none_8937eec6860750f5\COMCTL32.dll
0x76bf0000 - 0x76ca1000 	C:\Windows\SYSTEM32\msvcrt.dll
0x75910000 - 0x75944000 	C:\Windows\SYSTEM32\sechost.dll
0x75680000 - 0x7572c000 	C:\Windows\SYSTEM32\RPCRT4.dll
0x76f70000 - 0x7706d000 	C:\Windows\SYSTEM32\GDI32.dll
0x74af0000 - 0x74b0c000 	C:\Windows\SYSTEM32\SspiCli.dll
0x74ae0000 - 0x74ae9000 	C:\Windows\SYSTEM32\CRYPTBASE.dll
0x74a80000 - 0x74ad1000 	C:\Windows\SYSTEM32\bcryptPrimitives.dll
0x76f50000 - 0x76f70000 	C:\Windows\system32\IMM32.DLL
0x74b20000 - 0x74bfd000 	C:\Windows\SYSTEM32\MSCTF.dll
0x78750000 - 0x7880e000 	C:\Program Files (x86)\Java\jdk1.7.0_25\jre\bin\msvcr100.dll
0x6ded0000 - 0x6e212000 	C:\Program Files (x86)\Java\jdk1.7.0_25\jre\bin\client\jvm.dll
0x73ae0000 - 0x73ae8000 	C:\Windows\SYSTEM32\WSOCK32.dll
0x746d0000 - 0x746f1000 	C:\Windows\SYSTEM32\WINMM.dll
0x75b10000 - 0x75b16000 	C:\Windows\SYSTEM32\PSAPI.DLL
0x755d0000 - 0x75620000 	C:\Windows\SYSTEM32\WS2_32.dll
0x746a0000 - 0x746cb000 	C:\Windows\SYSTEM32\WINMMBASE.dll
0x75b00000 - 0x75b08000 	C:\Windows\SYSTEM32\NSI.dll
0x74d10000 - 0x74d56000 	C:\Windows\SYSTEM32\cfgmgr32.dll
0x755b0000 - 0x755ce000 	C:\Windows\SYSTEM32\DEVOBJ.dll
0x6ca30000 - 0x6ca3c000 	C:\Program Files (x86)\Java\jdk1.7.0_25\jre\bin\verify.dll
0x66750000 - 0x66770000 	C:\Program Files (x86)\Java\jdk1.7.0_25\jre\bin\java.dll
0x66730000 - 0x66743000 	C:\Program Files (x86)\Java\jdk1.7.0_25\jre\bin\zip.dll
0x638d0000 - 0x6390e000 	C:\Windows\iT2L.dll
0x639f0000 - 0x63a0e000 	C:\Windows\ASREngineAPI.dll
0x0f6d0000 - 0x0f787000 	C:\Windows\SYSTEM32\MSVCP100D.dll
0x0fdc0000 - 0x0ff32000 	C:\Windows\SYSTEM32\MSVCR100D.dll
0x0f570000 - 0x0f699000 	C:\Windows\ACE.dll
0x745f0000 - 0x74659000 	C:\Windows\SYSTEM32\MSVCP100.dll
0x744e0000 - 0x7452a000 	C:\Windows\SYSTEM32\MSWSOCK.dll
0x74330000 - 0x74342000 	C:\Windows\SYSTEM32\NETAPI32.dll
0x74320000 - 0x7432b000 	C:\Windows\SYSTEM32\netutils.dll
0x74300000 - 0x7431c000 	C:\Windows\SYSTEM32\srvcli.dll
0x742f0000 - 0x74300000 	C:\Windows\SYSTEM32\wkscli.dll
0x74280000 - 0x74290000 	C:\Windows\system32\napinsp.dll
0x74260000 - 0x74274000 	C:\Windows\system32\pnrpnsp.dll
0x74250000 - 0x74260000 	C:\Windows\system32\NLAapi.dll
0x74460000 - 0x744d5000 	C:\Windows\SYSTEM32\DNSAPI.dll
0x74240000 - 0x74249000 	C:\Windows\System32\winrnr.dll
0x74230000 - 0x74240000 	C:\Windows\system32\wshbth.dll
0x74450000 - 0x74457000 	C:\Windows\System32\rasadhlp.dll
0x74730000 - 0x74859000 	C:\Windows\SYSTEM32\dbghelp.dll

VM Arguments:
jvm_args: -Dfile.encoding=Cp1252 
java_command: Italk2learn
Launcher Type: SUN_STANDARD

Environment Variables:
JAVA_HOME=C:\Program Files\Java\jdk1.7.0_13
PATH=C:/Program Files/Java/jdk1.7.0_13/bin/../jre/bin/server;C:/Program Files/Java/jdk1.7.0_13/bin/../jre/bin;C:/Program Files/Java/jdk1.7.0_13/bin/../jre/lib/amd64;C:\Program Files (x86)\Intel\iCLS Client\;C:\Program Files\Intel\iCLS Client\;C:\Windows\system32;C:\Windows;C:\Windows\System32\Wbem;C:\Windows\System32\WindowsPowerShell\v1.0\;C:\Program Files (x86)\EgisTec MyWinLocker\x64;C:\Program Files (x86)\EgisTec MyWinLocker\;C:\Program Files (x86)\Intel\OpenCL SDK\2.0\bin\x86;C:\Program Files (x86)\Intel\OpenCL SDK\2.0\bin\x64;C:\Program Files\Intel\Intel(R) Management Engine Components\DAL;C:\Program Files\Intel\Intel(R) Management Engine Components\IPT;C:\Program Files (x86)\Intel\Intel(R) Management Engine Components\DAL;C:\Program Files (x86)\Intel\Intel(R) Management Engine Components\IPT;C:\Program Files (x86)\Intel\OpenCL SDK\2.0\bin\x86;C:\Program Files (x86)\Intel\OpenCL SDK\2.0\bin\x64;C:\Program Files\Java\jdk1.7.0_13\bin;C:\Program Files\Apache Software Foundation\apache-maven-3.0.4\bin;C:\Program Files (x86)\Git\cmd;C:\Program Files (x86)\scala\\bin;C:\Program Files (x86)\GnuWin32\bin;C:\MinGW\bin;C:\Program Files\Calibre2\;C:\Italk2LearnEnvironment\eclipse;
USERNAME=JoseLuis
LD_LIBRARY_PATH=C:\MMIndexer\bin
OS=Windows_NT
PROCESSOR_IDENTIFIER=Intel64 Family 6 Model 58 Stepping 9, GenuineIntel



---------------  S Y S T E M  ---------------

OS: Windows 8 , 64 bit Build 9200 

CPU:total 8 (4 cores per cpu, 2 threads per core) family 6 model 58 stepping 9, cmov, cx8, fxsr, mmx, sse, sse2, sse3, ssse3, sse4.1, sse4.2, popcnt, avx, ht, tsc, tscinvbit, tscinv

Memory: 4k page, physical 8199444k(2515156k free), swap 13102452k(3842988k free)

vm_info: Java HotSpot(TM) Client VM (23.25-b01) for windows-x86 JRE (1.7.0_25-b17), built on Jun 21 2013 13:06:48 by "java_re" with unknown MS VC++:1600

time: Wed Sep 25 16:23:30 2013
elapsed time: 0 seconds

